build/app/outputs/mapping/release/seeds.txt
com.youdevelop.feelps.MainActivity: MainActivity()
com.youdevelop.feelps.MainActivity
...
io.flutter.plugin.editing.ImeSyncDeferringInsetsCallback: android.view.WindowInsetsAnimation$Callback getAnimationCallback()
androidx.lifecycle.CompositeGeneratedAdaptersObserver
com.google.android.gms.internal.firebase-auth-api.zzga
io.flutter.embedding.engine.systemchannels.TextInputChannel$TextCapitalization: io.flutter.embedding.engine.systemchannels.TextInputChannel$TextCapitalization[] values()
io.flutter.embedding.engine.mutatorsstack.FlutterMutatorsStack: void pushClipRRect(int,int,int,int,float[])
com.google.android.gms.internal.measurement.zzgd: com.google.android.gms.internal.measurement.zzgd zzh
com.google.android.gms.internal.firebase-auth-api.zzmq: android.os.Parcelable$Creator CREATOR
com.google.android.gms.measurement.AppMeasurementService
com.google.android.gms.common.internal.zzs: android.os.Parcelable$Creator CREATOR
com.google.android.gms.location.LocationRequest: android.os.Parcelable$Creator CREATOR
com.google.android.gms.internal.measurement.zzfa
io.flutter.embedding.android.DrawableSplashScreen$DrawableSplashScreenView
androidx.core.graphics.drawable.IconCompatParcelizer: IconCompatParcelizer()
com.google.android.gms.internal.measurement.zzcl: android.os.Parcelable$Creator CREATOR
io.flutter.plugin.editing.ImeSyncDeferringInsetsCallback: android.view.View access$600(io.flutter.plugin.editing.ImeSyncDeferringInsetsCallback)
androidx.annotation.Keep
com.google.android.datatransport.cct.internal.QosTier: com.google.android.datatransport.cct.internal.QosTier[] values()
io.flutter.embedding.android.FlutterImageView: android.view.Surface getSurface()
io.flutter.plugins.firebase.messaging.FlutterFirebaseMessagingReceiver
io.flutter.embedding.engine.FlutterJNI: boolean isAttached()
io.flutter.embedding.engine.FlutterJNI: void nativeUnregisterTexture(long,long)
com.google.android.gms.internal.firebase-auth-api.zzwu: android.os.Parcelable$Creator CREATOR
androidx.lifecycle.Lifecycle$Event: androidx.lifecycle.Lifecycle$Event[] values()
com.google.android.gms.internal.firebase-auth-api.zzie
com.google.android.gms.internal.firebase-auth-api.zzni: android.os.Parcelable$Creator CREATOR
com.google.android.gms.internal.measurement.zzfk: int zze
androidx.activity.OnBackPressedDispatcher$LifecycleOnBackPressedCancellable
androidx.lifecycle.Lifecycling$1
com.lyokone.location.FlutterLocationService
io.flutter.embedding.engine.FlutterJNI: long performNativeAttach(io.flutter.embedding.engine.FlutterJNI,boolean)
androidx.savedstate.Recreator
com.google.android.gms.internal.firebase-auth-api.zzjf: com.google.android.gms.internal.firebase-auth-api.zzji zzf
io.flutter.view.AccessibilityViewEmbedder: io.flutter.view.AccessibilityViewEmbedder$ReflectionAccessors reflectionAccessors
com.google.android.gms.internal.firebase-auth-api.zziq: int zzg
com.google.android.datatransport.runtime.scheduling.jobscheduling.AlarmManagerSchedulerBroadcastReceiver: AlarmManagerSchedulerBroadcastReceiver()
io.flutter.embedding.engine.FlutterJNI: io.flutter.plugin.localization.LocalizationPlugin localizationPlugin
io.flutter.embedding.android.FlutterSplashView$SavedState
com.google.android.gms.common.internal.ReflectedParcelable
io.flutter.embedding.engine.FlutterJNI: void onEndFrame()
io.flutter.plugins.firebase.core.FlutterFirebasePluginRegistry: com.google.android.gms.tasks.Task didReinitializeFirebaseCore()
io.flutter.embedding.engine.FlutterOverlaySurface: int getId()
androidx.versionedparcelable.CustomVersionedParcelable: CustomVersionedParcelable()
com.google.android.gms.internal.firebase-auth-api.zzjn: java.lang.String zze
com.google.android.gms.internal.firebase-auth-api.zziz: com.google.android.gms.internal.firebase-auth-api.zziz zzb
androidx.legacy.content.WakefulBroadcastReceiver: WakefulBroadcastReceiver()
androidx.savedstate.SavedStateRegistry$1
io.flutter.view.AccessibilityBridge$Action: io.flutter.view.AccessibilityBridge$Action valueOf(java.lang.String)