build/app/outputs/mapping/release/mapping.txt
# compiler: R8
# compiler_version: 2.1.62
# min_api: 21
# pg_map_id: a43f399
# common_typos_disable
...
com.google.firebase.database.connection.util.StringListReader -> com.google.firebase.database.v.q.b:
    int stringListPos -> n
    int markedCharPos -> o
    int charPos -> m
    boolean closed -> l
    boolean frozen -> q
    int markedStringListPos -> p
    java.util.List strings -> k
    void addString(java.lang.String) -> a
    long advance(long) -> b
    void checkState() -> c
    java.lang.String currentString() -> d
    int currentStringRemainingChars() -> e
    void freeze() -> f
com.google.firebase.database.core.-$$Lambda$Context$1$6UCcIBjvMQxvY-dubrUxTviMRZ4 -> com.google.firebase.database.w.a:
    java.lang.String f$1 -> l
    com.google.firebase.database.connection.ConnectionTokenProvider$GetTokenCallback f$0 -> k
com.google.firebase.database.core.-$$Lambda$Context$1$sgqao_46najzu53MMVlUHELkYNI -> com.google.firebase.database.w.b:
    java.lang.String f$1 -> l
    com.google.firebase.database.connection.ConnectionTokenProvider$GetTokenCallback f$0 -> k
com.google.firebase.database.core.-$$Lambda$Context$oJIUrBNPPmMZaeC-SchzMmGluDU -> com.google.firebase.database.w.c:
    com.google.firebase.database.core.TokenProvider f$0 -> a
    java.util.concurrent.ScheduledExecutorService f$1 -> b
    void getToken(boolean,com.google.firebase.database.connection.ConnectionTokenProvider$GetTokenCallback) -> a
com.google.firebase.database.core.-$$Lambda$SyncTree$6w_6XO63I7w4d3ftEZzyH_1DfB4 -> com.google.firebase.database.w.d:
    com.google.firebase.database.core.SyncTree f$0 -> a
    com.google.firebase.database.core.view.QuerySpec f$1 -> b
com.google.firebase.database.core.ChildEventRegistration -> com.google.firebase.database.w.e:
    com.google.firebase.database.core.view.QuerySpec spec -> f
    com.google.firebase.database.core.Repo repo -> d
    com.google.firebase.database.ChildEventListener eventListener -> e
    com.google.firebase.database.core.EventRegistration clone(com.google.firebase.database.core.view.QuerySpec) -> a
    com.google.firebase.database.core.view.DataEvent createEvent(com.google.firebase.database.core.view.Change,com.google.firebase.database.core.view.QuerySpec) -> b
    void fireCancelEvent(com.google.firebase.database.DatabaseError) -> c
    void fireEvent(com.google.firebase.database.core.view.DataEvent) -> d
    com.google.firebase.database.core.view.QuerySpec getQuerySpec() -> e
    boolean isSameListener(com.google.firebase.database.core.EventRegistration) -> f
    boolean respondsTo(com.google.firebase.database.core.view.Event$EventType) -> i
com.google.firebase.database.core.ChildEventRegistration$1 -> com.google.firebase.database.w.e$a:
    int[] $SwitchMap$com$google$firebase$database$core$view$Event$EventType -> a