build/app/outputs/mapping/release/usage.txt
com.youdevelop.feelps.R$dimen
com.youdevelop.feelps.R$style
com.youdevelop.feelps.R$styleable
com.youdevelop.feelps.R$drawable
com.youdevelop.feelps.R$integer
com.youdevelop.feelps.R$color
com.youdevelop.feelps.R$id
com.youdevelop.feelps.R
com.youdevelop.feelps.R$layout
com.youdevelop.feelps.R$string
com.youdevelop.feelps.BuildConfig
com.youdevelop.feelps.R$mipmap
com.youdevelop.feelps.R$attr
com.youdevelop.feelps.R$xml
...
kotlin.ParameterName
com.google.android.gms.maps.zzf
io.flutter.embedding.engine.FlutterEngineCache:
    public boolean contains(java.lang.String)
    public void clear()
com.google.android.datatransport.runtime.dagger.Subcomponent$Factory
io.flutter.plugins.flutter_plugin_android_lifecycle.R$string
kotlin.collections.CollectionsKt__IteratorsJVMKt$iterator$1
androidx.core.view.ViewParentCompat
kotlin.contracts.ContractBuilder$DefaultImpls
com.google.android.gms.internal.firebase-auth-api.zzeo:
    static void <clinit>()
    static final synthetic int[] zza
com.google.common.collect.Synchronized$SynchronizedAsMapEntries$1$1
androidx.activity.R$styleable
com.google.android.gms.internal.safetynet.zzr
io.flutter.plugins.firebase.storage.R$attr
com.google.android.gms.maps.internal.zzbn
kotlin.jvm.functions.Function4
com.google.common.graph.AbstractGraph
com.google.firebase.auth.internal.zzad
com.google.android.gms.common.api.ResolvingResultCallbacks
io.flutter.embedding.android.SplashScreenProvider
com.google.android.gms.internal.safetynet.zzk$zzh
com.google.common.collect.MapMakerInternalMap$StrongKeyStrongValueSegment
com.google.common.escape.Escaper$1
kotlin.sequences.SequencesKt___SequencesKt$flatMapIndexed$1
com.google.android.gms.maps.zzah
com.google.firebase.auth.internal.zzau
com.google.android.gms.common.api.ResolvableApiException:
    public android.app.PendingIntent getResolution()
kotlin.text.Typography
com.google.firebase.database.connection.PersistentConnection:
    public abstract void shutdown()
    public abstract void refreshAuthToken()
    public abstract void refreshAppCheckToken()
    public abstract boolean isInterrupted(java.lang.String)
io.flutter.plugins.firebase.auth.R$layout
androidx.core.provider.FontsContractCompat$4$6
com.google.android.gms.common.internal.GmsClientEventManager$GmsClientEventState
androidx.activity.R$color
com.google.android.gms.dynamic.zac
com.google.common.base.CharMatcher$NegatedFastMatcher
com.google.common.collect.DenseImmutableTable$RowMap
com.google.common.collect.TreeBasedTable
com.google.common.base.Converter$ConverterComposition
com.google.common.base.FinalizableReferenceQueue
com.google.common.util.concurrent.AbstractTransformFuture$AsyncTransformFuture
com.google.common.graph.ValueGraph
com.google.firebase.database.core.utilities.package-info
com.google.android.gms.common.providers.PooledExecutorsProvider:
    private void <init>()
androidx.core.graphics.PathKt
com.google.android.gms.common.data.zaa
com.google.common.util.concurrent.AsyncCallable
com.google.android.gms.common.api.internal.zaj:
    public void <init>(java.lang.Iterable)
    public final com.google.android.gms.tasks.Task getTask()
androidx.viewpager.R$color
androidx.core.view.ViewCompat$2
androidx.core.graphics.drawable.ColorDrawableKt
com.google.common.collect.MultimapBuilder$4
io.flutter.plugins.googlemaps.GoogleMapController:
    private static final java.lang.String TAG
io.flutter.embedding.engine.deferredcomponents.PlayStoreDeferredComponentManager$FeatureInstallStateUpdatedListener
androidx.loader.content.ModernAsyncTask$AsyncTaskResult
com.google.common.util.concurrent.WrappingExecutorService$1
kotlin.collections.AbstractMap$keys$1$iterator$1
kotlin.jvm.internal.BooleanCompanionObject
com.google.android.datatransport.R
io.flutter.plugins.camera.features.resolution.ResolutionFeature
com.google.firebase.auth.internal.zzx:
    public static com.google.firebase.auth.FirebaseUser zzk(com.google.firebase.FirebaseApp,com.google.firebase.auth.FirebaseUser)
com.google.firebase.database.core.RepoInfo:
    public java.lang.String toDebugString()
    public java.net.URI getConnectionURL(java.lang.String)
    public boolean isCacheableHost()
    public boolean isSecure()
    public boolean isDemoHost()
    public boolean isCustomHost()
    private static final java.lang.String VERSION_PARAM
    private static final java.lang.String LAST_SESSION_ID_PARAM
com.google.common.collect.Synchronized$SynchronizedQueue